;  LST file generated by mikroListExporter - v.2.0 
; Date/Time: 12/24/2022 12:49:17 PM
;----------------------------------------------

;Address Opcode 	ASM
0x0000	0x2A45      	GOTO       581
_RES032:
;__Lib_MathDouble.c,123 :: 		
;__Lib_MathDouble.c,128 :: 		
0x0003	0x01F2      	CLRF       R2
;__Lib_MathDouble.c,129 :: 		
0x0004	0x01F1      	CLRF       R1
;__Lib_MathDouble.c,130 :: 		
0x0005	0x01F0      	CLRF       R0
;__Lib_MathDouble.c,131 :: 		
0x0006	0x01F8      	CLRF       R8
;__Lib_MathDouble.c,132 :: 		
0x0007	0x01F3      	CLRF       R3
;__Lib_MathDouble.c,133 :: 		
0x0008	0x3000      	MOVLW      0
;__Lib_MathDouble.c,135 :: 		
L_end_RES032:
0x0009	0x0008      	RETURN
; end of _RES032
_SETFUN32:
;__Lib_MathDouble.c,138 :: 		
;__Lib_MathDouble.c,145 :: 		
0x000A	0x157B      	BSF        R11, 2
;__Lib_MathDouble.c,146 :: 		
0x000B	0x1FFB      	BTFSS      R11, 7
;__Lib_MathDouble.c,147 :: 		
0x000C	0x2814      	GOTO       SETFUN32EEE
;__Lib_MathDouble.c,148 :: 		
0x000D	0x3001      	MOVLW      1
;__Lib_MathDouble.c,149 :: 		
0x000E	0x00F3      	MOVWF      R3
;__Lib_MathDouble.c,150 :: 		
0x000F	0x01F2      	CLRF       R2
;__Lib_MathDouble.c,151 :: 		
0x0010	0x01F1      	CLRF       R1
;__Lib_MathDouble.c,152 :: 		
0x0011	0x01F0      	CLRF       R0
;__Lib_MathDouble.c,153 :: 		
0x0012	0x0DFA      	RLF        R10, 1
;__Lib_MathDouble.c,154 :: 		
0x0013	0x0CF2      	RRF        R2, 1
;__Lib_MathDouble.c,155 :: 		
SETFUN32EEE:
;__Lib_MathDouble.c,156 :: 		
0x0014	0x30FF      	MOVLW      255
;__Lib_MathDouble.c,158 :: 		
L_end_SETFUN32:
0x0015	0x0008      	RETURN
; end of _SETFUN32
_FIXSIGN32:
;__Lib_MathDouble.c,112 :: 		
;__Lib_MathDouble.c,116 :: 		
0x0016	0x1FFA      	BTFSS      R10, 7
;__Lib_MathDouble.c,117 :: 		
0x0017	0x13F2      	BCF        R2, 7
;__Lib_MathDouble.c,118 :: 		
0x0018	0x3000      	MOVLW      0
;__Lib_MathDouble.c,120 :: 		
L_end_FIXSIGN32:
0x0019	0x0008      	RETURN
; end of _FIXSIGN32
_SETFOV32:
;__Lib_MathDouble.c,79 :: 		
;__Lib_MathDouble.c,86 :: 		
0x001A	0x14FB      	BSF        R11, 1
;__Lib_MathDouble.c,87 :: 		
0x001B	0x1FFB      	BTFSS      R11, 7
;__Lib_MathDouble.c,88 :: 		
0x001C	0x2824      	GOTO       SETFOV32EEE
;__Lib_MathDouble.c,89 :: 		
0x001D	0x30FF      	MOVLW      255
;__Lib_MathDouble.c,90 :: 		
0x001E	0x00F3      	MOVWF      R3
;__Lib_MathDouble.c,91 :: 		
0x001F	0x00F2      	MOVWF      R2
;__Lib_MathDouble.c,92 :: 		
0x0020	0x00F1      	MOVWF      R1
;__Lib_MathDouble.c,93 :: 		
0x0021	0x00F0      	MOVWF      R0
;__Lib_MathDouble.c,94 :: 		
0x0022	0x0DFA      	RLF        R10, 1
;__Lib_MathDouble.c,95 :: 		
0x0023	0x0CF2      	RRF        R2, 1
;__Lib_MathDouble.c,96 :: 		
SETFOV32EEE:
;__Lib_MathDouble.c,97 :: 		
0x0024	0x30FF      	MOVLW      255
;__Lib_MathDouble.c,99 :: 		
L_end_SETFOV32:
0x0025	0x0008      	RETURN
; end of _SETFOV32
_SETFDZ32:
;__Lib_MathDouble.c,102 :: 		
;__Lib_MathDouble.c,105 :: 		
0x0026	0x15FB      	BSF        R11, 3
;__Lib_MathDouble.c,106 :: 		
0x0027	0x30FF      	MOVLW      255
;__Lib_MathDouble.c,108 :: 		
L_end_SETFDZ32:
0x0028	0x0008      	RETURN
; end of _SETFDZ32
_Delay_22us:
;__Lib_Delays.c,15 :: 		void Delay_22us() {
;__Lib_Delays.c,16 :: 		Delay_us(22);
0x0029	0x300E      	MOVLW      14
0x002A	0x1283      	BCF        STATUS, 5
0x002B	0x1303      	BCF        STATUS, 6
0x002C	0x00FD      	MOVWF      R13
L_Delay_22us1:
0x002D	0x0BFD      	DECFSZ     R13, 1
0x002E	0x282D      	GOTO       L_Delay_22us1
0x002F	0x0000      	NOP
;__Lib_Delays.c,17 :: 		}
L_end_Delay_22us:
0x0030	0x0008      	RETURN
; end of _Delay_22us
_____DoICP:
;__Lib_System.c,6 :: 		
;__Lib_System.c,9 :: 		
0x0031	0x1283      	BCF        STATUS, 5
0x0032	0x1303      	BCF        STATUS, 6
0x0033	0x082A      	MOVF       ___DoICPAddr+1, 0
0x0034	0x008A      	MOVWF      PCLATH
;__Lib_System.c,10 :: 		
0x0035	0x0829      	MOVF       ___DoICPAddr, 0
0x0036	0x0082      	MOVWF      PCL
;__Lib_System.c,12 :: 		
L_end_____DoICP:
0x0037	0x0008      	RETURN
; end of _____DoICP
_NRM3232:
;__Lib_MathDouble.c,167 :: 		
;__Lib_MathDouble.c,173 :: 		
;__Lib_MathDouble.c,175 :: 		
0x0038	0x01A0      	CLRF       __math_tempbD
;__Lib_MathDouble.c,176 :: 		
0x0039	0x0872      	MOVF       R2, 0
;__Lib_MathDouble.c,177 :: 		
0x003A	0x1D03      	BTFSS      STATUS, 2
;__Lib_MathDouble.c,178 :: 		
0x003B	0x284D      	GOTO       NORM3232
;__Lib_MathDouble.c,179 :: 		
0x003C	0x0871      	MOVF       R1, 0
;__Lib_MathDouble.c,180 :: 		
0x003D	0x00F2      	MOVWF      R2
;__Lib_MathDouble.c,181 :: 		
0x003E	0x0870      	MOVF       R0, 0
;__Lib_MathDouble.c,182 :: 		
0x003F	0x00F1      	MOVWF      R1
;__Lib_MathDouble.c,183 :: 		
0x0040	0x01F0      	CLRF       R0
;__Lib_MathDouble.c,184 :: 		
0x0041	0x15A0      	BSF        __math_tempbD, 3
;__Lib_MathDouble.c,186 :: 		
0x0042	0x0872      	MOVF       R2, 0
;__Lib_MathDouble.c,187 :: 		
0x0043	0x1D03      	BTFSS      STATUS, 2
;__Lib_MathDouble.c,188 :: 		
0x0044	0x284D      	GOTO       NORM3232
;__Lib_MathDouble.c,189 :: 		
0x0045	0x0871      	MOVF       R1, 0
;__Lib_MathDouble.c,190 :: 		
0x0046	0x00F2      	MOVWF      R2
;__Lib_MathDouble.c,191 :: 		
0x0047	0x01F1      	CLRF       R1
;__Lib_MathDouble.c,192 :: 		
0x0048	0x11A0      	BCF        __math_tempbD, 3
;__Lib_MathDouble.c,193 :: 		
0x0049	0x1620      	BSF        __math_tempbD, 4
;__Lib_MathDouble.c,195 :: 		
0x004A	0x0872      	MOVF       R2, 0
;__Lib_MathDouble.c,196 :: 		
0x004B	0x1903      	BTFSC      STATUS, 2
;__Lib_MathDouble.c,197 :: 		
0x004C	0x285B      	GOTO       JPNRES032
;__Lib_MathDouble.c,198 :: 		
NORM3232:
;__Lib_MathDouble.c,199 :: 		
0x004D	0x0820      	MOVF       __math_tempbD, 0
;__Lib_MathDouble.c,200 :: 		
0x004E	0x02F3      	SUBWF      R3, 1
;__Lib_MathDouble.c,201 :: 		
0x004F	0x1D03      	BTFSS      STATUS, 2
;__Lib_MathDouble.c,202 :: 		
0x0050	0x1C03      	BTFSS      STATUS, 0
;__Lib_MathDouble.c,203 :: 		
0x0051	0x285F      	GOTO       JPNSETFUN32
;__Lib_MathDouble.c,204 :: 		
0x0052	0x1003      	BCF        STATUS, 0
;__Lib_MathDouble.c,205 :: 		
NORM3232A:
;__Lib_MathDouble.c,206 :: 		
0x0053	0x1BF2      	BTFSC      R2, 7
;__Lib_MathDouble.c,207 :: 		
0x0054	0x2863      	GOTO       JMPNFIXSIGN32
;__Lib_MathDouble.c,208 :: 		
0x0055	0x0DF0      	RLF        R0, 1
;__Lib_MathDouble.c,209 :: 		
0x0056	0x0DF1      	RLF        R1, 1
;__Lib_MathDouble.c,210 :: 		
0x0057	0x0DF2      	RLF        R2, 1
;__Lib_MathDouble.c,211 :: 		
0x0058	0x0BF3      	DECFSZ     R3, 1
;__Lib_MathDouble.c,212 :: 		
0x0059	0x2853      	GOTO       NORM3232A
;__Lib_MathDouble.c,213 :: 		
0x005A	0x285F      	GOTO       JPNSETFUN32
;__Lib_MathDouble.c,214 :: 		
JPNRES032:
;__Lib_MathDouble.c,215 :: 		
0x005B	0x3001      	MOVLW      1
;__Lib_MathDouble.c,216 :: 		
0x005C	0x00FC      	MOVWF      R12
;__Lib_MathDouble.c,218 :: 		
0x005D	0x2003      	CALL       _RES032
;__Lib_MathDouble.c,220 :: 		
0x005E	0x2866      	GOTO       NORM32EEE
;__Lib_MathDouble.c,221 :: 		
JPNSETFUN32:
;__Lib_MathDouble.c,222 :: 		
0x005F	0x3002      	MOVLW      2
;__Lib_MathDouble.c,223 :: 		
0x0060	0x00FC      	MOVWF      R12
;__Lib_MathDouble.c,225 :: 		
0x0061	0x200A      	CALL       _SETFUN32
;__Lib_MathDouble.c,227 :: 		
0x0062	0x2866      	GOTO       NORM32EEE
;__Lib_MathDouble.c,228 :: 		
JMPNFIXSIGN32:
;__Lib_MathDouble.c,229 :: 		
0x0063	0x3004      	MOVLW      4
;__Lib_MathDouble.c,230 :: 		
0x0064	0x00FC      	MOVWF      R12
;__Lib_MathDouble.c,232 :: 		
0x0065	0x2016      	CALL       _FIXSIGN32
;__Lib_MathDouble.c,234 :: 		
NORM32EEE:
;__Lib_MathDouble.c,236 :: 		
L_end_NRM3232:
0x0066	0x0008      	RETURN
; end of _NRM3232
_Equals_Double:
;__Lib_MathDouble.c,2001 :: 		
;__Lib_MathDouble.c,2009 :: 		
0x0067	0x1283      	BCF        STATUS, 5
;__Lib_MathDouble.c,2010 :: 		
0x0068	0x1303      	BCF        STATUS, 6
;__Lib_MathDouble.c,2012 :: 		
0x0069	0x0873      	MOVF       R3, 0
;__Lib_MathDouble.c,2013 :: 		
0x006A	0x0677      	XORWF      R7, 0
;__Lib_MathDouble.c,2014 :: 		
0x006B	0x1D03      	BTFSS      STATUS, 2
;__Lib_MathDouble.c,2015 :: 		
0x006C	0x287A      	GOTO       EQU_FALSE
;__Lib_MathDouble.c,2017 :: 		
0x006D	0x0872      	MOVF       R2, 0
;__Lib_MathDouble.c,2018 :: 		
0x006E	0x0676      	XORWF      R6, 0
;__Lib_MathDouble.c,2019 :: 		
0x006F	0x1D03      	BTFSS      STATUS, 2
;__Lib_MathDouble.c,2020 :: 		
0x0070	0x287A      	GOTO       EQU_FALSE
;__Lib_MathDouble.c,2022 :: 		
0x0071	0x0871      	MOVF       R1, 0
;__Lib_MathDouble.c,2023 :: 		
0x0072	0x0675      	XORWF      R5, 0
;__Lib_MathDouble.c,2024 :: 		
0x0073	0x1D03      	BTFSS      STATUS, 2
;__Lib_MathDouble.c,2025 :: 		
0x0074	0x287A      	GOTO       EQU_FALSE
;__Lib_MathDouble.c,2027 :: 		
0x0075	0x0870      	MOVF       R0, 0
;__Lib_MathDouble.c,2028 :: 		
0x0076	0x0674      	XORWF      R4, 0
;__Lib_MathDouble.c,2029 :: 		
0x0077	0x1903      	BTFSC      STATUS, 2
;__Lib_MathDouble.c,2032 :: 		
0x0078	0x1503      	BSF        STATUS, 2
;__Lib_MathDouble.c,2033 :: 		
0x0079	0x0008      	RETURN
;__Lib_MathDouble.c,2035 :: 		
EQU_FALSE:
;__Lib_MathDouble.c,2037 :: 		
0x007A	0x1103      	BCF        STATUS, 2
;__Lib_MathDouble.c,2038 :: 		
0x007B	0x0008      	RETURN
;__Lib_MathDouble.c,2041 :: 		
L_end_Equals_Double:
0x007C	0x0008      	RETURN
; end of _Equals_Double
_Compare_Double:
;__Lib_MathDouble.c,2053 :: 		
;__Lib_MathDouble.c,2062 :: 		
;__Lib_MathDouble.c,2064 :: 		
0x007D	0x1283      	BCF        STATUS, 5
;__Lib_MathDouble.c,2065 :: 		
0x007E	0x1303      	BCF        STATUS, 6
;__Lib_MathDouble.c,2067 :: 		
0x007F	0x01FA      	CLRF       R10
;__Lib_MathDouble.c,2068 :: 		
0x0080	0x0873      	MOVF       R3, 0
;__Lib_MathDouble.c,2069 :: 		
0x0081	0x1D03      	BTFSS      STATUS, 2
;__Lib_MathDouble.c,2070 :: 		
0x0082	0x147A      	BSF        R10, 0
;__Lib_MathDouble.c,2071 :: 		
0x0083	0x0877      	MOVF       R7, 0
;__Lib_MathDouble.c,2072 :: 		
0x0084	0x1D03      	BTFSS      STATUS, 2
;__Lib_MathDouble.c,2073 :: 		
0x0085	0x14FA      	BSF        R10, 1
;__Lib_MathDouble.c,2075 :: 		
0x0086	0x087A      	MOVF       R10, 0
;__Lib_MathDouble.c,2076 :: 		
0x0087	0x1903      	BTFSC      STATUS, 2
;__Lib_MathDouble.c,2077 :: 		
0x0088	0x28C9      	GOTO       COMPARE_EQU
;__Lib_MathDouble.c,2078 :: 		
0x0089	0x3A03      	XORLW      3
;__Lib_MathDouble.c,2079 :: 		
0x008A	0x1903      	BTFSC      STATUS, 2
;__Lib_MathDouble.c,2080 :: 		
0x008B	0x2894      	GOTO       COMPARE_NOTZERO
;__Lib_MathDouble.c,2082 :: 		
0x008C	0x187A      	BTFSC      R10, 0
;__Lib_MathDouble.c,2083 :: 		
0x008D	0x2891      	GOTO       COMPARE_XNOTZERO
;__Lib_MathDouble.c,2085 :: 		
0x008E	0x1FF6      	BTFSS      R6, 7
;__Lib_MathDouble.c,2086 :: 		
0x008F	0x28C7      	GOTO       COMPARE_LT
;__Lib_MathDouble.c,2087 :: 		
0x0090	0x28C5      	GOTO       COMPARE_GT
;__Lib_MathDouble.c,2088 :: 		
COMPARE_XNOTZERO:
;__Lib_MathDouble.c,2089 :: 		
0x0091	0x1FF2      	BTFSS      R2, 7
;__Lib_MathDouble.c,2090 :: 		
0x0092	0x28C5      	GOTO       COMPARE_GT
;__Lib_MathDouble.c,2091 :: 		
0x0093	0x28C7      	GOTO       COMPARE_LT
;__Lib_MathDouble.c,2093 :: 		
COMPARE_NOTZERO:
;__Lib_MathDouble.c,2094 :: 		
0x0094	0x0872      	MOVF       R2, 0
;__Lib_MathDouble.c,2095 :: 		
0x0095	0x3980      	ANDLW      128
;__Lib_MathDouble.c,2096 :: 		
0x0096	0x00FA      	MOVWF      R10
;__Lib_MathDouble.c,2097 :: 		
0x0097	0x13F2      	BCF        R2, 7
;__Lib_MathDouble.c,2099 :: 		
0x0098	0x0876      	MOVF       R6, 0
;__Lib_MathDouble.c,2100 :: 		
0x0099	0x3980      	ANDLW      128
;__Lib_MathDouble.c,2101 :: 		
0x009A	0x13F6      	BCF        R6, 7
;__Lib_MathDouble.c,2103 :: 		
0x009B	0x067A      	XORWF      R10, 0
;__Lib_MathDouble.c,2104 :: 		
0x009C	0x1903      	BTFSC      STATUS, 2
;__Lib_MathDouble.c,2105 :: 		
0x009D	0x28A2      	GOTO       COMPARE_TESTALL
;__Lib_MathDouble.c,2107 :: 		
0x009E	0x087A      	MOVF       R10, 0
;__Lib_MathDouble.c,2108 :: 		
0x009F	0x1903      	BTFSC      STATUS, 2
;__Lib_MathDouble.c,2109 :: 		
0x00A0	0x28C5      	GOTO       COMPARE_GT
;__Lib_MathDouble.c,2110 :: 		
0x00A1	0x28C7      	GOTO       COMPARE_LT
;__Lib_MathDouble.c,2112 :: 		
COMPARE_TESTALL:
;__Lib_MathDouble.c,2113 :: 		
0x00A2	0x0877      	MOVF       R7, 0
;__Lib_MathDouble.c,2114 :: 		
0x00A3	0x0273      	SUBWF      R3, 0
;__Lib_MathDouble.c,2115 :: 		
0x00A4	0x1903      	BTFSC      STATUS, 2
;__Lib_MathDouble.c,2116 :: 		
0x00A5	0x28A9      	GOTO       COMPARE_C1
;__Lib_MathDouble.c,2117 :: 		
0x00A6	0x1C03      	BTFSS      STATUS, 0
;__Lib_MathDouble.c,2118 :: 		
0x00A7	0x28BD      	GOTO       GT_FALSE
;__Lib_MathDouble.c,2119 :: 		
0x00A8	0x28C1      	GOTO       GT_TRUE
;__Lib_MathDouble.c,2120 :: 		
COMPARE_C1:
;__Lib_MathDouble.c,2121 :: 		
0x00A9	0x0876      	MOVF       R6, 0
;__Lib_MathDouble.c,2122 :: 		
0x00AA	0x0272      	SUBWF      R2, 0
;__Lib_MathDouble.c,2123 :: 		
0x00AB	0x1903      	BTFSC      STATUS, 2
;__Lib_MathDouble.c,2124 :: 		
0x00AC	0x28B0      	GOTO       COMPARE_C2
;__Lib_MathDouble.c,2125 :: 		
0x00AD	0x1C03      	BTFSS      STATUS, 0
;__Lib_MathDouble.c,2126 :: 		
0x00AE	0x28BD      	GOTO       GT_FALSE
;__Lib_MathDouble.c,2127 :: 		
0x00AF	0x28C1      	GOTO       GT_TRUE
;__Lib_MathDouble.c,2128 :: 		
COMPARE_C2:
;__Lib_MathDouble.c,2129 :: 		
0x00B0	0x0875      	MOVF       R5, 0
;__Lib_MathDouble.c,2130 :: 		
0x00B1	0x0271      	SUBWF      R1, 0
;__Lib_MathDouble.c,2131 :: 		
0x00B2	0x1903      	BTFSC      STATUS, 2
;__Lib_MathDouble.c,2132 :: 		
0x00B3	0x28B7      	GOTO       COMPARE_C3
;__Lib_MathDouble.c,2133 :: 		
0x00B4	0x1C03      	BTFSS      STATUS, 0
;__Lib_MathDouble.c,2134 :: 		
0x00B5	0x28BD      	GOTO       GT_FALSE
;__Lib_MathDouble.c,2135 :: 		
0x00B6	0x28C1      	GOTO       GT_TRUE
;__Lib_MathDouble.c,2136 :: 		
COMPARE_C3:
;__Lib_MathDouble.c,2137 :: 		
0x00B7	0x0874      	MOVF       R4, 0
;__Lib_MathDouble.c,2138 :: 		
0x00B8	0x0270      	SUBWF      R0, 0
;__Lib_MathDouble.c,2139 :: 		
0x00B9	0x1903      	BTFSC      STATUS, 2
;__Lib_MathDouble.c,2140 :: 		
0x00BA	0x28C9      	GOTO       COMPARE_EQU
;__Lib_MathDouble.c,2141 :: 		
0x00BB	0x1803      	BTFSC      STATUS, 0
;__Lib_MathDouble.c,2142 :: 		
0x00BC	0x28C1      	GOTO       GT_TRUE
;__Lib_MathDouble.c,2144 :: 		
GT_FALSE:
;__Lib_MathDouble.c,2145 :: 		
0x00BD	0x08FA      	MOVF       R10, 1
;__Lib_MathDouble.c,2146 :: 		
0x00BE	0x1903      	BTFSC      STATUS, 2
;__Lib_MathDouble.c,2147 :: 		
0x00BF	0x28C7      	GOTO       COMPARE_LT
;__Lib_MathDouble.c,2148 :: 		
0x00C0	0x28C5      	GOTO       COMPARE_GT
;__Lib_MathDouble.c,2149 :: 		
GT_TRUE:
;__Lib_MathDouble.c,2150 :: 		
0x00C1	0x08FA      	MOVF       R10, 1
;__Lib_MathDouble.c,2151 :: 		
0x00C2	0x1903      	BTFSC      STATUS, 2
;__Lib_MathDouble.c,2152 :: 		
0x00C3	0x28C5      	GOTO       COMPARE_GT
;__Lib_MathDouble.c,2153 :: 		
0x00C4	0x28C7      	GOTO       COMPARE_LT
;__Lib_MathDouble.c,2155 :: 		
COMPARE_GT:
;__Lib_MathDouble.c,2158 :: 		
0x00C5	0x1403      	BSF        STATUS, 0
;__Lib_MathDouble.c,2159 :: 		
0x00C6	0x0008      	RETURN
;__Lib_MathDouble.c,2160 :: 		
COMPARE_LT:
;__Lib_MathDouble.c,2163 :: 		
0x00C7	0x1003      	BCF        STATUS, 0
;__Lib_MathDouble.c,2164 :: 		
0x00C8	0x0008      	RETURN
;__Lib_MathDouble.c,2165 :: 		
COMPARE_EQU:
;__Lib_MathDouble.c,2168 :: 		
0x00C9	0x1403      	BSF        STATUS, 0
;__Lib_MathDouble.c,2169 :: 		
0x00CA	0x1503      	BSF        STATUS, 2
;__Lib_MathDouble.c,2170 :: 		
0x00CB	0x0008      	RETURN
;__Lib_MathDouble.c,2172 :: 		
L_end_Compare_Double:
0x00CC	0x0008      	RETURN
; end of _Compare_Double
_Div_32x32_FP:
;__Lib_MathDouble.c,761 :: 		
;__Lib_MathDouble.c,773 :: 		
;__Lib_MathDouble.c,776 :: 		
0x00CD	0x1283      	BCF        STATUS, 5
0x00CE	0x1303      	BCF        STATUS, 6
0x00CF	0x0874      	MOVF       R4, 0
0x00D0	0x3A00      	XORLW      0
0x00D1	0x1D03      	BTFSS      STATUS, 2
0x00D2	0x28E8      	GOTO       L_Div_32x32_FP7
;__Lib_MathDouble.c,777 :: 		
0x00D3	0x0875      	MOVF       R5, 0
0x00D4	0x3A00      	XORLW      0
0x00D5	0x1D03      	BTFSS      STATUS, 2
0x00D6	0x28E8      	GOTO       L_Div_32x32_FP8
;__Lib_MathDouble.c,778 :: 		
0x00D7	0x0876      	MOVF       R6, 0
0x00D8	0x3A00      	XORLW      0
0x00D9	0x1D03      	BTFSS      STATUS, 2
0x00DA	0x28E8      	GOTO       L_Div_32x32_FP9
;__Lib_MathDouble.c,779 :: 		
0x00DB	0x0877      	MOVF       R7, 0
0x00DC	0x3A00      	XORLW      0
0x00DD	0x1D03      	BTFSS      STATUS, 2
0x00DE	0x28E8      	GOTO       L_Div_32x32_FP10
;__Lib_MathDouble.c,780 :: 		
0x00DF	0x30FF      	MOVLW      255
0x00E0	0x00F0      	MOVWF      R0
;__Lib_MathDouble.c,781 :: 		
0x00E1	0x30FF      	MOVLW      255
0x00E2	0x00F1      	MOVWF      R1
;__Lib_MathDouble.c,782 :: 		
0x00E3	0x307F      	MOVLW      127
0x00E4	0x00F2      	MOVWF      R2
;__Lib_MathDouble.c,783 :: 		
0x00E5	0x30FF      	MOVLW      255
0x00E6	0x00F3      	MOVWF      R3
;__Lib_MathDouble.c,784 :: 		
0x00E7	0x2983      	GOTO       L_end_Div_32x32_FP
;__Lib_MathDouble.c,785 :: 		
L_Div_32x32_FP10:
L_Div_32x32_FP9:
L_Div_32x32_FP8:
L_Div_32x32_FP7:
;__Lib_MathDouble.c,788 :: 		
0x00E8	0x1283      	BCF        STATUS, 5
;__Lib_MathDouble.c,789 :: 		
0x00E9	0x1303      	BCF        STATUS, 6
;__Lib_MathDouble.c,791 :: 		
0x00EA	0x0877      	MOVF       R7, 0
;__Lib_MathDouble.c,792 :: 		
0x00EB	0x1903      	BTFSC      STATUS, 2
;__Lib_MathDouble.c,793 :: 		
0x00EC	0x2977      	GOTO       JPDSETFDZ32
;__Lib_MathDouble.c,795 :: 		
0x00ED	0x0873      	MOVF       R3, 0
;__Lib_MathDouble.c,796 :: 		
0x00EE	0x1903      	BTFSC      STATUS, 2
;__Lib_MathDouble.c,797 :: 		
0x00EF	0x297A      	GOTO       JPDRES032
;__Lib_MathDouble.c,799 :: 		
0x00F0	0x0872      	MOVF       R2, 0
;__Lib_MathDouble.c,800 :: 		
0x00F1	0x0676      	XORWF      R6, 0
;__Lib_MathDouble.c,801 :: 		
0x00F2	0x3980      	ANDLW      128
;__Lib_MathDouble.c,802 :: 		
0x00F3	0x00FA      	MOVWF      R10
;__Lib_MathDouble.c,803 :: 		
0x00F4	0x17F2      	BSF        R2, 7
;__Lib_MathDouble.c,804 :: 		
0x00F5	0x17F6      	BSF        R6, 7
;__Lib_MathDouble.c,806 :: 		
0x00F6	0x01A0      	CLRF       __math_tempbD
;__Lib_MathDouble.c,807 :: 		
0x00F7	0x0872      	MOVF       R2, 0
;__Lib_MathDouble.c,808 :: 		
0x00F8	0x00F8      	MOVWF      R8
;__Lib_MathDouble.c,809 :: 		
0x00F9	0x0871      	MOVF       R1, 0
;__Lib_MathDouble.c,810 :: 		
0x00FA	0x00FC      	MOVWF      R12
;__Lib_MathDouble.c,811 :: 		
0x00FB	0x0870      	MOVF       R0, 0
;__Lib_MathDouble.c,812 :: 		
0x00FC	0x00FD      	MOVWF      R13
;__Lib_MathDouble.c,814 :: 		
0x00FD	0x0874      	MOVF       R4, 0
;__Lib_MathDouble.c,815 :: 		
0x00FE	0x02FD      	SUBWF      R13, 1
;__Lib_MathDouble.c,816 :: 		
0x00FF	0x0875      	MOVF       R5, 0
;__Lib_MathDouble.c,817 :: 		
0x0100	0x1C03      	BTFSS      STATUS, 0
;__Lib_MathDouble.c,818 :: 		
0x0101	0x0F75      	INCFSZ     R5, 0
;__Lib_MathDouble.c,820 :: 		
0x0102	0x02FC      	SUBWF      R12, 1
;__Lib_MathDouble.c,821 :: 		
0x0103	0x0876      	MOVF       R6, 0
;__Lib_MathDouble.c,822 :: 		
0x0104	0x1C03      	BTFSS      STATUS, 0
;__Lib_MathDouble.c,823 :: 		
0x0105	0x0F76      	INCFSZ     R6, 0
;__Lib_MathDouble.c,825 :: 		
0x0106	0x02F8      	SUBWF      R8, 1
;__Lib_MathDouble.c,826 :: 		
0x0107	0x01F8      	CLRF       R8
;__Lib_MathDouble.c,827 :: 		
0x0108	0x01FC      	CLRF       R12
;__Lib_MathDouble.c,828 :: 		
0x0109	0x01FD      	CLRF       R13
;__Lib_MathDouble.c,829 :: 		
0x010A	0x1C03      	BTFSS      STATUS, 0
;__Lib_MathDouble.c,830 :: 		
0x010B	0x2913      	GOTO       DALIGN32OK
;__Lib_MathDouble.c,832 :: 		
0x010C	0x1003      	BCF        STATUS, 0
;__Lib_MathDouble.c,833 :: 		
0x010D	0x0CF2      	RRF        R2, 1
;__Lib_MathDouble.c,834 :: 		
0x010E	0x0CF1      	RRF        R1, 1
;__Lib_MathDouble.c,835 :: 		
0x010F	0x0CF0      	RRF        R0, 1
;__Lib_MathDouble.c,836 :: 		
0x0110	0x0CF8      	RRF        R8, 1
;__Lib_MathDouble.c,837 :: 		
0x0111	0x3001      	MOVLW      1
;__Lib_MathDouble.c,838 :: 		
0x0112	0x00A0      	MOVWF      __math_tempbD
;__Lib_MathDouble.c,839 :: 		
DALIGN32OK:
;__Lib_MathDouble.c,840 :: 		
0x0113	0x0877      	MOVF       R7, 0
;__Lib_MathDouble.c,841 :: 		
0x0114	0x02F3      	SUBWF      R3, 1
;__Lib_MathDouble.c,842 :: 		
0x0115	0x1C03      	BTFSS      STATUS, 0
;__Lib_MathDouble.c,843 :: 		
0x0116	0x291D      	GOTO       ALTB32
;__Lib_MathDouble.c,845 :: 		
0x0117	0x307E      	MOVLW      126
;__Lib_MathDouble.c,846 :: 		
0x0118	0x0720      	ADDWF      __math_tempbD, 0
;__Lib_MathDouble.c,847 :: 		
0x0119	0x07F3      	ADDWF      R3, 1
;__Lib_MathDouble.c,848 :: 		
0x011A	0x1803      	BTFSC      STATUS, 0
;__Lib_MathDouble.c,849 :: 		
0x011B	0x297D      	GOTO       JPDSETFOV32
;__Lib_MathDouble.c,850 :: 		
0x011C	0x2922      	GOTO       DARGOK32
;__Lib_MathDouble.c,851 :: 		
ALTB32:
;__Lib_MathDouble.c,852 :: 		
0x011D	0x307E      	MOVLW      126
;__Lib_MathDouble.c,853 :: 		
0x011E	0x0720      	ADDWF      __math_tempbD, 0
;__Lib_MathDouble.c,854 :: 		
0x011F	0x07F3      	ADDWF      R3, 1
;__Lib_MathDouble.c,855 :: 		
0x0120	0x1C03      	BTFSS      STATUS, 0
;__Lib_MathDouble.c,856 :: 		
0x0121	0x2980      	GOTO       JPDSETFUN32
;__Lib_MathDouble.c,857 :: 		
DARGOK32:
;__Lib_MathDouble.c,858 :: 		
0x0122	0x3018      	MOVLW      24
;__Lib_MathDouble.c,860 :: 		
0x0123	0x07FA      	ADDWF      R10, 1
;__Lib_MathDouble.c,861 :: 		
DLOOP32:
;__Lib_MathDouble.c,862 :: 		
0x0124	0x0DFD      	RLF        R13, 1
;__Lib_MathDouble.c,863 :: 		
0x0125	0x0DFC      	RLF        R12, 1
;__Lib_MathDouble.c,864 :: 		
0x0126	0x0DF8      	RLF        R8, 1
;__Lib_MathDouble.c,865 :: 		
0x0127	0x0DF0      	RLF        R0, 1
;__Lib_MathDouble.c,866 :: 		
0x0128	0x0DF1      	RLF        R1, 1
;__Lib_MathDouble.c,867 :: 		
0x0129	0x0DF2      	RLF        R2, 1
;__Lib_MathDouble.c,868 :: 		
0x012A	0x0DA0      	RLF        __math_tempbD, 1
;__Lib_MathDouble.c,870 :: 		
0x012B	0x0874      	MOVF       R4, 0
;__Lib_MathDouble.c,871 :: 		
0x012C	0x02F0      	SUBWF      R0, 1
;__Lib_MathDouble.c,872 :: 		
0x012D	0x0875      	MOVF       R5, 0
;__Lib_MathDouble.c,873 :: 		
0x012E	0x1C03      	BTFSS      STATUS, 0
;__Lib_MathDouble.c,874 :: 		
0x012F	0x0F75      	INCFSZ     R5, 0
;__Lib_MathDouble.c,876 :: 		
0x0130	0x02F1      	SUBWF      R1, 1
;__Lib_MathDouble.c,877 :: 		
0x0131	0x0876      	MOVF       R6, 0
;__Lib_MathDouble.c,878 :: 		
0x0132	0x1C03      	BTFSS      STATUS, 0
;__Lib_MathDouble.c,879 :: 		
0x0133	0x0F76      	INCFSZ     R6, 0
;__Lib_MathDouble.c,881 :: 		
0x0134	0x02F2      	SUBWF      R2, 1
;__Lib_MathDouble.c,882 :: 		
0x0135	0x0D76      	RLF        R6, 0
;__Lib_MathDouble.c,883 :: 		
0x0136	0x04A0      	IORWF      __math_tempbD, 1
;__Lib_MathDouble.c,884 :: 		
0x0137	0x1C20      	BTFSS      __math_tempbD, 0
;__Lib_MathDouble.c,885 :: 		
0x0138	0x293B      	GOTO       DREST32
;__Lib_MathDouble.c,886 :: 		
0x0139	0x147D      	BSF        R13, 0
;__Lib_MathDouble.c,887 :: 		
0x013A	0x2946      	GOTO       DOK32
;__Lib_MathDouble.c,888 :: 		
DREST32:
;__Lib_MathDouble.c,889 :: 		
0x013B	0x0874      	MOVF       R4, 0
;__Lib_MathDouble.c,890 :: 		
0x013C	0x07F0      	ADDWF      R0, 1
;__Lib_MathDouble.c,891 :: 		
0x013D	0x0875      	MOVF       R5, 0
;__Lib_MathDouble.c,892 :: 		
0x013E	0x1803      	BTFSC      STATUS, 0
;__Lib_MathDouble.c,893 :: 		
0x013F	0x0F75      	INCFSZ     R5, 0
;__Lib_MathDouble.c,895 :: 		
0x0140	0x07F1      	ADDWF      R1, 1
;__Lib_MathDouble.c,896 :: 		
0x0141	0x0876      	MOVF       R6, 0
;__Lib_MathDouble.c,897 :: 		
0x0142	0x1803      	BTFSC      STATUS, 0
;__Lib_MathDouble.c,898 :: 		
0x0143	0x0A76      	INCF       R6, 0
;__Lib_MathDouble.c,899 :: 		
0x0144	0x07F2      	ADDWF      R2, 1
;__Lib_MathDouble.c,900 :: 		
0x0145	0x107D      	BCF        R13, 0
;__Lib_MathDouble.c,901 :: 		
DOK32:
;__Lib_MathDouble.c,903 :: 		
0x0146	0x03FA      	DECF       R10, 1
;__Lib_MathDouble.c,904 :: 		
0x0147	0x301F      	MOVLW      31
;__Lib_MathDouble.c,905 :: 		
0x0148	0x057A      	ANDWF      R10, 0
;__Lib_MathDouble.c,906 :: 		
0x0149	0x1D03      	BTFSS      STATUS, 2
;__Lib_MathDouble.c,907 :: 		
0x014A	0x2924      	GOTO       DLOOP32
;__Lib_MathDouble.c,909 :: 		
0x014B	0x1B7B      	BTFSC      R11, 6
;__Lib_MathDouble.c,910 :: 		
0x014C	0x1C7D      	BTFSS      R13, 0
;__Lib_MathDouble.c,911 :: 		
0x014D	0x296D      	GOTO       DIV32OK
;__Lib_MathDouble.c,912 :: 		
0x014E	0x1003      	BCF        STATUS, 0
;__Lib_MathDouble.c,913 :: 		
0x014F	0x0DF0      	RLF        R0, 1
;__Lib_MathDouble.c,914 :: 		
0x0150	0x0DF1      	RLF        R1, 1
;__Lib_MathDouble.c,915 :: 		
0x0151	0x0DF2      	RLF        R2, 1
;__Lib_MathDouble.c,916 :: 		
0x0152	0x0DA0      	RLF        __math_tempbD, 1
;__Lib_MathDouble.c,918 :: 		
0x0153	0x0874      	MOVF       R4, 0
;__Lib_MathDouble.c,919 :: 		
0x0154	0x02F0      	SUBWF      R0, 1
;__Lib_MathDouble.c,920 :: 		
0x0155	0x0875      	MOVF       R5, 0
;__Lib_MathDouble.c,921 :: 		
0x0156	0x1C03      	BTFSS      STATUS, 0
;__Lib_MathDouble.c,922 :: 		
0x0157	0x0F75      	INCFSZ     R5, 0
;__Lib_MathDouble.c,923 :: 		
0x0158	0x02F1      	SUBWF      R1, 1
;__Lib_MathDouble.c,924 :: 		
0x0159	0x0876      	MOVF       R6, 0
;__Lib_MathDouble.c,925 :: 		
0x015A	0x1C03      	BTFSS      STATUS, 0
;__Lib_MathDouble.c,926 :: 		
0x015B	0x0F76      	INCFSZ     R6, 0
;__Lib_MathDouble.c,927 :: 		
0x015C	0x02F2      	SUBWF      R2, 1
;__Lib_MathDouble.c,928 :: 		
0x015D	0x0D76      	RLF        R6, 0
;__Lib_MathDouble.c,929 :: 		
0x015E	0x0420      	IORWF      __math_tempbD, 0
;__Lib_MathDouble.c,930 :: 		
0x015F	0x3901      	ANDLW      1
;__Lib_MathDouble.c,931 :: 		
0x0160	0x07FD      	ADDWF      R13, 1
;__Lib_MathDouble.c,932 :: 		
0x0161	0x1803      	BTFSC      STATUS, 0
;__Lib_MathDouble.c,933 :: 		
0x0162	0x0AFC      	INCF       R12, 1
;__Lib_MathDouble.c,934 :: 		
0x0163	0x1903      	BTFSC      STATUS, 2
;__Lib_MathDouble.c,935 :: 		
0x0164	0x0AF8      	INCF       R8, 1
;__Lib_MathDouble.c,936 :: 		
0x0165	0x1D03      	BTFSS      STATUS, 2
;__Lib_MathDouble.c,937 :: 		
0x0166	0x296D      	GOTO       DIV32OK
;__Lib_MathDouble.c,938 :: 		
0x0167	0x0CF8      	RRF        R8, 1
;__Lib_MathDouble.c,939 :: 		
0x0168	0x0CFC      	RRF        R12, 1
;__Lib_MathDouble.c,940 :: 		
0x0169	0x0CFD      	RRF        R13, 1
;__Lib_MathDouble.c,941 :: 		
0x016A	0x0AF3      	INCF       R3, 1
;__Lib_MathDouble.c,942 :: 		
0x016B	0x1903      	BTFSC      STATUS, 2
;__Lib_MathDouble.c,943 :: 		
0x016C	0x297D      	GOTO       JPDSETFOV32
;__Lib_MathDouble.c,944 :: 		
DIV32OK:
;__Lib_MathDouble.c,945 :: 		
0x016D	0x1FFA      	BTFSS      R10, 7
;__Lib_MathDouble.c,946 :: 		
0x016E	0x13F8      	BCF        R8, 7
;__Lib_MathDouble.c,947 :: 		
0x016F	0x0878      	MOVF       R8, 0
;__Lib_MathDouble.c,948 :: 		
0x0170	0x00F2      	MOVWF      R2
;__Lib_MathDouble.c,949 :: 		
0x0171	0x087C      	MOVF       R12, 0
;__Lib_MathDouble.c,950 :: 		
0x0172	0x00F1      	MOVWF      R1
;__Lib_MathDouble.c,951 :: 		
0x0173	0x087D      	MOVF       R13, 0
;__Lib_MathDouble.c,952 :: 		
0x0174	0x00F0      	MOVWF      R0
;__Lib_MathDouble.c,954 :: 		
0x0175	0x3000      	MOVLW      0
;__Lib_MathDouble.c,956 :: 		
0x0176	0x2982      	GOTO       DIV32EEE
;__Lib_MathDouble.c,957 :: 		
JPDSETFDZ32:
;__Lib_MathDouble.c,958 :: 		
0x0177	0x3001      	MOVLW      1
;__Lib_MathDouble.c,961 :: 		
0x0178	0x2026      	CALL       _SETFDZ32
;__Lib_MathDouble.c,963 :: 		
0x0179	0x2982      	GOTO       DIV32EEE
;__Lib_MathDouble.c,964 :: 		
JPDRES032:
;__Lib_MathDouble.c,965 :: 		
0x017A	0x3002      	MOVLW      2
;__Lib_MathDouble.c,968 :: 		
0x017B	0x2003      	CALL       _RES032
;__Lib_MathDouble.c,970 :: 		
0x017C	0x2982      	GOTO       DIV32EEE
;__Lib_MathDouble.c,971 :: 		
JPDSETFOV32:
;__Lib_MathDouble.c,972 :: 		
0x017D	0x3004      	MOVLW      4
;__Lib_MathDouble.c,975 :: 		
0x017E	0x201A      	CALL       _SETFOV32
;__Lib_MathDouble.c,977 :: 		
0x017F	0x2982      	GOTO       DIV32EEE
;__Lib_MathDouble.c,978 :: 		
JPDSETFUN32:
;__Lib_MathDouble.c,979 :: 		
0x0180	0x3008      	MOVLW      8
;__Lib_MathDouble.c,982 :: 		
0x0181	0x200A      	CALL       _SETFUN32
;__Lib_MathDouble.c,984 :: 		
DIV32EEE:
;__Lib_MathDouble.c,985 :: 		
0x0182	0x0000      	NOP
;__Lib_MathDouble.c,994 :: 		
L_end_Div_32x32_FP:
0x0183	0x0008      	RETURN
; end of _Div_32x32_FP
___CC2DW:
;__Lib_System.c,134 :: 		
;__Lib_System.c,137 :: 		
_CC2D_Loop1:
;__Lib_System.c,139 :: 		
0x0184	0x2031      	CALL       _____DoICP
0x0185	0x118A      	BCF        PCLATH, 3
0x0186	0x120A      	BCF        PCLATH, 4
;__Lib_System.c,141 :: 		
0x0187	0x0080      	MOVWF      INDF
;__Lib_System.c,142 :: 		
0x0188	0x0A84      	INCF       FSR, 1
;__Lib_System.c,143 :: 		
0x0189	0x0AA9      	INCF       ___DoICPAddr, 1
;__Lib_System.c,145 :: 		
0x018A	0x1903      	BTFSC      STATUS, 2
;__Lib_System.c,146 :: 		
0x018B	0x0AAA      	INCF       ___DoICPAddr+1, 1
;__Lib_System.c,147 :: 		
0x018C	0x03F0      	DECF       R0, 1
;__Lib_System.c,149 :: 		
0x018D	0x1D03      	BTFSS      STATUS, 2
;__Lib_System.c,150 :: 		
0x018E	0x2984      	GOTO       _CC2D_Loop1
;__Lib_System.c,152 :: 		
L_end___CC2DW:
0x018F	0x0008      	RETURN
; end of ___CC2DW
_word2double:
;__Lib_MathDouble.c,1862 :: 		
;__Lib_MathDouble.c,1868 :: 		
0x0190	0x1283      	BCF        STATUS, 5
;__Lib_MathDouble.c,1869 :: 		
0x0191	0x1303      	BCF        STATUS, 6
;__Lib_MathDouble.c,1870 :: 		
0x0192	0x0870      	MOVF       R0, 0
;__Lib_MathDouble.c,1871 :: 		
0x0193	0x00F8      	MOVWF      R8
;__Lib_MathDouble.c,1872 :: 		
0x0194	0x0871      	MOVF       R1, 0
;__Lib_MathDouble.c,1873 :: 		
0x0195	0x00F0      	MOVWF      R0
;__Lib_MathDouble.c,1874 :: 		
0x0196	0x01F1      	CLRF       R1
;__Lib_MathDouble.c,1875 :: 		
0x0197	0x01F2      	CLRF       R2
;__Lib_MathDouble.c,1876 :: 		
0x0198	0x01F3      	CLRF       R3
;__Lib_MathDouble.c,1879 :: 		
0x0199	0x01FB      	CLRF       R11
;__Lib_MathDouble.c,1880 :: 		
0x019A	0x01FC      	CLRF       R12
;__Lib_MathDouble.c,1882 :: 		
0x019B	0x3096      	MOVLW      150
;__Lib_MathDouble.c,1883 :: 		
0x019C	0x00F3      	MOVWF      R3
;__Lib_MathDouble.c,1884 :: 		
0x019D	0x01FA      	CLRF       R10
;__Lib_MathDouble.c,1886 :: 		
0x019E	0x0870      	MOVF       R0, 0
;__Lib_MathDouble.c,1887 :: 		
0x019F	0x00F1      	MOVWF      R1
;__Lib_MathDouble.c,1888 :: 		
0x01A0	0x0878      	MOVF       R8, 0
;__Lib_MathDouble.c,1889 :: 		
0x01A1	0x00F0      	MOVWF      R0
;__Lib_MathDouble.c,1890 :: 		
0x01A2	0x01F8      	CLRF       R8
;__Lib_MathDouble.c,1891 :: 		
0x01A3	0x01F2      	CLRF       R2
;__Lib_MathDouble.c,1893 :: 		
0x01A4	0x2038      	CALL       _NRM3232
;__Lib_MathDouble.c,1894 :: 		
L_end_word2double:
0x01A5	0x0008      	RETURN
; end of _word2double
_Mul_32x32_FP:
;__Lib_MathDouble.c,610 :: 		
;__Lib_MathDouble.c,622 :: 		
;__Lib_MathDouble.c,624 :: 		
0x01A6	0x1283      	BCF        STATUS, 5
;__Lib_MathDouble.c,625 :: 		
0x01A7	0x1303      	BCF        STATUS, 6
;__Lib_MathDouble.c,627 :: 		
0x01A8	0x01FB      	CLRF       R11
;__Lib_MathDouble.c,628 :: 		
0x01A9	0x0873      	MOVF       R3, 0
;__Lib_MathDouble.c,629 :: 		
0x01AA	0x1D03      	BTFSS      STATUS, 2
;__Lib_MathDouble.c,630 :: 		
0x01AB	0x0877      	MOVF       R7, 0
;__Lib_MathDouble.c,631 :: 		
0x01AC	0x1903      	BTFSC      STATUS, 2
;__Lib_MathDouble.c,632 :: 		
0x01AD	0x29FD      	GOTO       JPMRES032
;__Lib_MathDouble.c,634 :: 		
0x01AE	0x0872      	MOVF       R2, 0
;__Lib_MathDouble.c,635 :: 		
0x01AF	0x0676      	XORWF      R6, 0
;__Lib_MathDouble.c,636 :: 		
0x01B0	0x00FA      	MOVWF      R10
;__Lib_MathDouble.c,637 :: 		
0x01B1	0x0877      	MOVF       R7, 0
;__Lib_MathDouble.c,638 :: 		
0x01B2	0x07F3      	ADDWF      R3, 1
;__Lib_MathDouble.c,639 :: 		
0x01B3	0x307E      	MOVLW      126
;__Lib_MathDouble.c,640 :: 		
0x01B4	0x1C03      	BTFSS      STATUS, 0
;__Lib_MathDouble.c,641 :: 		
0x01B5	0x29BA      	GOTO       MTUN32
;__Lib_MathDouble.c,642 :: 		
0x01B6	0x02F3      	SUBWF      R3, 1
;__Lib_MathDouble.c,643 :: 		
0x01B7	0x1803      	BTFSC      STATUS, 0
;__Lib_MathDouble.c,644 :: 		
0x01B8	0x2A00      	GOTO       JPMSETFOV32
;__Lib_MathDouble.c,645 :: 		
0x01B9	0x29BD      	GOTO       MOK32
;__Lib_MathDouble.c,646 :: 		
MTUN32:
;__Lib_MathDouble.c,647 :: 		
0x01BA	0x02F3      	SUBWF      R3, 1
;__Lib_MathDouble.c,648 :: 		
0x01BB	0x1C03      	BTFSS      STATUS, 0
;__Lib_MathDouble.c,649 :: 		
0x01BC	0x2A03      	GOTO       JPMSETFUN32
;__Lib_MathDouble.c,650 :: 		
MOK32:
;__Lib_MathDouble.c,651 :: 		
0x01BD	0x0872      	MOVF       R2, 0
;__Lib_MathDouble.c,652 :: 		
0x01BE	0x00F8      	MOVWF      R8
;__Lib_MathDouble.c,653 :: 		
0x01BF	0x0871      	MOVF       R1, 0
;__Lib_MathDouble.c,654 :: 		
0x01C0	0x00FC      	MOVWF      R12
;__Lib_MathDouble.c,655 :: 		
0x01C1	0x0870      	MOVF       R0, 0
;__Lib_MathDouble.c,656 :: 		
0x01C2	0x00FD      	MOVWF      R13
;__Lib_MathDouble.c,657 :: 		
0x01C3	0x17F8      	BSF        R8, 7
;__Lib_MathDouble.c,658 :: 		
0x01C4	0x17F6      	BSF        R6, 7
;__Lib_MathDouble.c,659 :: 		
0x01C5	0x1003      	BCF        STATUS, 0
;__Lib_MathDouble.c,660 :: 		
0x01C6	0x01F2      	CLRF       R2
;__Lib_MathDouble.c,661 :: 		
0x01C7	0x01F1      	CLRF       R1
;__Lib_MathDouble.c,662 :: 		
0x01C8	0x01F0      	CLRF       R0
;__Lib_MathDouble.c,663 :: 		
0x01C9	0x3018      	MOVLW      24
;__Lib_MathDouble.c,664 :: 		
0x01CA	0x00A0      	MOVWF      __math_tempbD
;__Lib_MathDouble.c,665 :: 		
MLOOP32:
;__Lib_MathDouble.c,666 :: 		
0x01CB	0x1C7D      	BTFSS      R13, 0
;__Lib_MathDouble.c,667 :: 		
0x01CC	0x29D7      	GOTO       MNOADD32
;__Lib_MathDouble.c,669 :: 		
0x01CD	0x0874      	MOVF       R4, 0
;__Lib_MathDouble.c,670 :: 		
0x01CE	0x07F0      	ADDWF      R0, 1
;__Lib_MathDouble.c,671 :: 		
0x01CF	0x0875      	MOVF       R5, 0
;__Lib_MathDouble.c,672 :: 		
0x01D0	0x1803      	BTFSC      STATUS, 0
;__Lib_MathDouble.c,673 :: 		
0x01D1	0x0F75      	INCFSZ     R5, 0
;__Lib_MathDouble.c,674 :: 		
0x01D2	0x07F1      	ADDWF      R1, 1
;__Lib_MathDouble.c,675 :: 		
0x01D3	0x0876      	MOVF       R6, 0
;__Lib_MathDouble.c,676 :: 		
0x01D4	0x1803      	BTFSC      STATUS, 0
;__Lib_MathDouble.c,677 :: 		
0x01D5	0x0F76      	INCFSZ     R6, 0
;__Lib_MathDouble.c,678 :: 		
0x01D6	0x07F2      	ADDWF      R2, 1
;__Lib_MathDouble.c,679 :: 		
MNOADD32:
;__Lib_MathDouble.c,680 :: 		
0x01D7	0x0CF2      	RRF        R2, 1
;__Lib_MathDouble.c,681 :: 		
0x01D8	0x0CF1      	RRF        R1, 1
;__Lib_MathDouble.c,682 :: 		
0x01D9	0x0CF0      	RRF        R0, 1
;__Lib_MathDouble.c,683 :: 		
0x01DA	0x0CF8      	RRF        R8, 1
;__Lib_MathDouble.c,684 :: 		
0x01DB	0x0CFC      	RRF        R12, 1
;__Lib_MathDouble.c,685 :: 		
0x01DC	0x0CFD      	RRF        R13, 1
;__Lib_MathDouble.c,686 :: 		
0x01DD	0x1003      	BCF        STATUS, 0
;__Lib_MathDouble.c,687 :: 		
0x01DE	0x0BA0      	DECFSZ     __math_tempbD, 1
;__Lib_MathDouble.c,688 :: 		
0x01DF	0x29CB      	GOTO       MLOOP32
;__Lib_MathDouble.c,689 :: 		
0x01E0	0x1BF2      	BTFSC      R2, 7
;__Lib_MathDouble.c,690 :: 		
0x01E1	0x29E7      	GOTO       MROUND32
;__Lib_MathDouble.c,691 :: 		
0x01E2	0x0DF8      	RLF        R8, 1
;__Lib_MathDouble.c,692 :: 		
0x01E3	0x0DF0      	RLF        R0, 1
;__Lib_MathDouble.c,693 :: 		
0x01E4	0x0DF1      	RLF        R1, 1
;__Lib_MathDouble.c,694 :: 		
0x01E5	0x0DF2      	RLF        R2, 1
;__Lib_MathDouble.c,695 :: 		
0x01E6	0x03F3      	DECF       R3, 1
;__Lib_MathDouble.c,696 :: 		
MROUND32:
;__Lib_MathDouble.c,697 :: 		
0x01E7	0x1B7B      	BTFSC      R11, 6
;__Lib_MathDouble.c,698 :: 		
0x01E8	0x1C70      	BTFSS      R0, 0
;__Lib_MathDouble.c,699 :: 		
0x01E9	0x29F9      	GOTO       MUL32OK
;__Lib_MathDouble.c,700 :: 		
0x01EA	0x1FF8      	BTFSS      R8, 7
;__Lib_MathDouble.c,701 :: 		
0x01EB	0x29F9      	GOTO       MUL32OK
;__Lib_MathDouble.c,702 :: 		
0x01EC	0x0AF0      	INCF       R0, 1
;__Lib_MathDouble.c,703 :: 		
0x01ED	0x1903      	BTFSC      STATUS, 2
;__Lib_MathDouble.c,704 :: 		
0x01EE	0x0AF1      	INCF       R1, 1
;__Lib_MathDouble.c,705 :: 		
0x01EF	0x1903      	BTFSC      STATUS, 2
;__Lib_MathDouble.c,706 :: 		
0x01F0	0x0AF2      	INCF       R2, 1
;__Lib_MathDouble.c,707 :: 		
0x01F1	0x1D03      	BTFSS      STATUS, 2
;__Lib_MathDouble.c,708 :: 		
0x01F2	0x29F9      	GOTO       MUL32OK
;__Lib_MathDouble.c,709 :: 		
0x01F3	0x0CF2      	RRF        R2, 1
;__Lib_MathDouble.c,710 :: 		
0x01F4	0x0CF1      	RRF        R1, 1
;__Lib_MathDouble.c,711 :: 		
0x01F5	0x0CF0      	RRF        R0, 1
;__Lib_MathDouble.c,712 :: 		
0x01F6	0x0AF3      	INCF       R3, 1
;__Lib_MathDouble.c,713 :: 		
0x01F7	0x1903      	BTFSC      STATUS, 2
;__Lib_MathDouble.c,714 :: 		
0x01F8	0x2A00      	GOTO       JPMSETFOV32
;__Lib_MathDouble.c,715 :: 		
MUL32OK:
;__Lib_MathDouble.c,716 :: 		
0x01F9	0x1FFA      	BTFSS      R10, 7
;__Lib_MathDouble.c,717 :: 		
0x01FA	0x13F2      	BCF        R2, 7
;__Lib_MathDouble.c,718 :: 		
0x01FB	0x3000      	MOVLW      0
;__Lib_MathDouble.c,720 :: 		
0x01FC	0x2A05      	GOTO       MUL32EEE
;__Lib_MathDouble.c,721 :: 		
JPMRES032:
;__Lib_MathDouble.c,722 :: 		
0x01FD	0x3001      	MOVLW      1
;__Lib_MathDouble.c,725 :: 		
0x01FE	0x2003      	CALL       _RES032
;__Lib_MathDouble.c,727 :: 		
0x01FF	0x2A05      	GOTO       MUL32EEE
;__Lib_MathDouble.c,728 :: 		
JPMSETFOV32:
;__Lib_MathDouble.c,729 :: 		
0x0200	0x3002      	MOVLW      2
;__Lib_MathDouble.c,732 :: 		
0x0201	0x201A      	CALL       _SETFOV32
;__Lib_MathDouble.c,734 :: 		
0x0202	0x2A05      	GOTO       MUL32EEE
;__Lib_MathDouble.c,735 :: 		
JPMSETFUN32:
;__Lib_MathDouble.c,736 :: 		
0x0203	0x3004      	MOVLW      4
;__Lib_MathDouble.c,739 :: 		
0x0204	0x200A      	CALL       _SETFUN32
;__Lib_MathDouble.c,741 :: 		
MUL32EEE:
;__Lib_MathDouble.c,742 :: 		
0x0205	0x0000      	NOP
;__Lib_MathDouble.c,749 :: 		
L_end_Mul_32x32_FP:
0x0206	0x0008      	RETURN
; end of _Mul_32x32_FP
_ADC_Init:
;__Lib_ADC_A_C.c,19 :: 		
;__Lib_ADC_A_C.c,20 :: 		
0x0207	0x30FF      	MOVLW      _ADC_Get_Sample
0x0208	0x1283      	BCF        STATUS, 5
0x0209	0x1303      	BCF        STATUS, 6
0x020A	0x00A6      	MOVWF      _ADC_Get_Sample_Ptr
0x020B	0x30FF      	MOVLW      hi_addr(_ADC_Get_Sample)
0x020C	0x00A7      	MOVWF      _ADC_Get_Sample_Ptr+1
0x020D	0x30FF      	MOVLW      FARG_ADC_Get_Sample_channel
0x020E	0x00A8      	MOVWF      _ADC_Get_Sample_Ptr+2
0x020F	0x30FF      	MOVLW      hi_addr(FARG_ADC_Get_Sample_channel)
;__Lib_ADC_A_C.c,22 :: 		
0x0210	0x019F      	CLRF       ADCON0
;__Lib_ADC_A_C.c,23 :: 		
0x0211	0x30C0      	MOVLW      192
0x0212	0x049F      	IORWF      ADCON0, 1
;__Lib_ADC_A_C.c,24 :: 		
0x0213	0x0921      	COMF       _vref_mask, 0
0x0214	0x00F0      	MOVWF      R0
0x0215	0x0870      	MOVF       R0, 0
0x0216	0x1683      	BSF        STATUS, 5
0x0217	0x059F      	ANDWF      ADCON1, 1
;__Lib_ADC_A_C.c,25 :: 		
0x0218	0x171F      	BSF        ADCON1, 6
;__Lib_ADC_A_C.c,26 :: 		
0x0219	0x179F      	BSF        ADCON1, 7
;__Lib_ADC_A_C.c,29 :: 		
0x021A	0x1283      	BCF        STATUS, 5
0x021B	0x141F      	BSF        ADCON0, 0
;__Lib_ADC_A_C.c,30 :: 		
L_end_ADC_Init:
0x021C	0x0008      	RETURN
; end of _ADC_Init
_ADC_Read:
;__Lib_ADC_A_C.c,68 :: 		
;__Lib_ADC_A_C.c,70 :: 		
0x021D	0x1283      	BCF        STATUS, 5
0x021E	0x1303      	BCF        STATUS, 6
0x021F	0x019F      	CLRF       ADCON0
;__Lib_ADC_A_C.c,71 :: 		
0x0220	0x30C0      	MOVLW      192
0x0221	0x049F      	IORWF      ADCON0, 1
;__Lib_ADC_A_C.c,72 :: 		
0x0222	0x0921      	COMF       _vref_mask, 0
0x0223	0x00F0      	MOVWF      R0
0x0224	0x0870      	MOVF       R0, 0
0x0225	0x1683      	BSF        STATUS, 5
0x0226	0x059F      	ANDWF      ADCON1, 1
;__Lib_ADC_A_C.c,73 :: 		
0x0227	0x171F      	BSF        ADCON1, 6
;__Lib_ADC_A_C.c,74 :: 		
0x0228	0x179F      	BSF        ADCON1, 7
;__Lib_ADC_A_C.c,75 :: 		
0x0229	0x1283      	BCF        STATUS, 5
0x022A	0x082F      	MOVF       FARG_ADC_Read_channel, 0
0x022B	0x00F0      	MOVWF      R0
0x022C	0x0DF0      	RLF        R0, 1
0x022D	0x1070      	BCF        R0, 0
0x022E	0x0DF0      	RLF        R0, 1
0x022F	0x1070      	BCF        R0, 0
0x0230	0x0DF0      	RLF        R0, 1
0x0231	0x1070      	BCF        R0, 0
0x0232	0x0870      	MOVF       R0, 0
0x0233	0x049F      	IORWF      ADCON0, 1
;__Lib_ADC_A_C.c,78 :: 		
0x0234	0x141F      	BSF        ADCON0, 0
;__Lib_ADC_A_C.c,81 :: 		
0x0235	0x2029      	CALL       _Delay_22us
;__Lib_ADC_A_C.c,84 :: 		
0x0236	0x151F      	BSF        ADCON0, 2
;__Lib_ADC_A_C.c,87 :: 		
L_ADC_Read2:
0x0237	0x1D1F      	BTFSS      ADCON0, 2
0x0238	0x2A3B      	GOTO       L_ADC_Read3
;__Lib_ADC_A_C.c,88 :: 		
0x0239	0x0000      	NOP
0x023A	0x2A37      	GOTO       L_ADC_Read2
L_ADC_Read3:
;__Lib_ADC_A_C.c,91 :: 		
0x023B	0x101F      	BCF        ADCON0, 0
;__Lib_ADC_A_C.c,94 :: 		
0x023C	0x081E      	MOVF       ADRESH, 0
0x023D	0x00F1      	MOVWF      R0+1
0x023E	0x01F0      	CLRF       R0
0x023F	0x1683      	BSF        STATUS, 5
0x0240	0x081E      	MOVF       ADRESL, 0
0x0241	0x04F0      	IORWF      R0, 1
0x0242	0x3000      	MOVLW      0
0x0243	0x04F1      	IORWF      R0+1, 1
;__Lib_ADC_A_C.c,95 :: 		
L_end_ADC_Read:
0x0244	0x0008      	RETURN
; end of _ADC_Read
_main:
0x0245	0x23D2      	CALL       978
;MikroDenetleyiciProje.c,23 :: 		void main() {
;MikroDenetleyiciProje.c,50 :: 		ADCON0 = 0b10001110;; //0.+5V giris,
0x0246	0x308E      	MOVLW      142
0x0247	0x1283      	BCF        STATUS, 5
0x0248	0x1303      	BCF        STATUS, 6
0x0249	0x009F      	MOVWF      ADCON0
;MikroDenetleyiciProje.c,54 :: 		TRISA = 0b00000001;
0x024A	0x3001      	MOVLW      1
0x024B	0x1683      	BSF        STATUS, 5
0x024C	0x0085      	MOVWF      TRISA
;MikroDenetleyiciProje.c,57 :: 		TRISB = 0;
0x024D	0x0186      	CLRF       TRISB
;MikroDenetleyiciProje.c,58 :: 		TRISC = 0;
0x024E	0x0187      	CLRF       TRISC
;MikroDenetleyiciProje.c,59 :: 		TRISD = 0;
0x024F	0x0188      	CLRF       TRISD
;MikroDenetleyiciProje.c,60 :: 		TRISE = 0;
0x0250	0x0189      	CLRF       TRISE
;MikroDenetleyiciProje.c,63 :: 		PORTA = 0;
0x0251	0x1283      	BCF        STATUS, 5
0x0252	0x0185      	CLRF       PORTA
;MikroDenetleyiciProje.c,64 :: 		PORTB = 0;
0x0253	0x0186      	CLRF       PORTB
;MikroDenetleyiciProje.c,65 :: 		PORTC = 0;
0x0254	0x0187      	CLRF       PORTC
;MikroDenetleyiciProje.c,66 :: 		PORTD = 0;
0x0255	0x0188      	CLRF       PORTD
;MikroDenetleyiciProje.c,67 :: 		PORTE = 0;
0x0256	0x0189      	CLRF       PORTE
;MikroDenetleyiciProje.c,69 :: 		ADC_Init();
0x0257	0x2207      	CALL       _ADC_Init
;MikroDenetleyiciProje.c,71 :: 		while(1){
L_main0:
;MikroDenetleyiciProje.c,74 :: 		sayma = Adc_Read(0); //AN0 kanalindan deger okundu ve sonuc float tipindeki degiskene atandi.
0x0258	0x01AF      	CLRF       FARG_ADC_Read_channel
0x0259	0x221D      	CALL       _ADC_Read
0x025A	0x2190      	CALL       _word2double
0x025B	0x0870      	MOVF       R0, 0
0x025C	0x00AB      	MOVWF      _sayma
0x025D	0x0871      	MOVF       R0+1, 0
0x025E	0x00AC      	MOVWF      _sayma+1
0x025F	0x0872      	MOVF       R0+2, 0
0x0260	0x00AD      	MOVWF      _sayma+2
0x0261	0x0873      	MOVF       R0+3, 0
0x0262	0x00AE      	MOVWF      _sayma+3
;MikroDenetleyiciProje.c,79 :: 		frekans = sayma *5;
0x0263	0x3000      	MOVLW      0
0x0264	0x00F4      	MOVWF      R4
0x0265	0x3000      	MOVLW      0
0x0266	0x00F5      	MOVWF      R4+1
0x0267	0x3020      	MOVLW      32
0x0268	0x00F6      	MOVWF      R4+2
0x0269	0x3081      	MOVLW      129
0x026A	0x00F7      	MOVWF      R4+3
0x026B	0x21A6      	CALL       _Mul_32x32_FP
0x026C	0x0870      	MOVF       R0, 0
0x026D	0x00A2      	MOVWF      _frekans
0x026E	0x0871      	MOVF       R0+1, 0
0x026F	0x00A3      	MOVWF      _frekans+1
0x0270	0x0872      	MOVF       R0+2, 0
0x0271	0x00A4      	MOVWF      _frekans+2
0x0272	0x0873      	MOVF       R0+3, 0
0x0273	0x00A5      	MOVWF      _frekans+3
;MikroDenetleyiciProje.c,80 :: 		frekans = frekans / 1024;
0x0274	0x3000      	MOVLW      0
0x0275	0x00F4      	MOVWF      R4
0x0276	0x3000      	MOVLW      0
0x0277	0x00F5      	MOVWF      R4+1
0x0278	0x3000      	MOVLW      0
0x0279	0x00F6      	MOVWF      R4+2
0x027A	0x3089      	MOVLW      137
0x027B	0x00F7      	MOVWF      R4+3
0x027C	0x20CD      	CALL       _Div_32x32_FP
0x027D	0x0870      	MOVF       R0, 0
0x027E	0x00A2      	MOVWF      _frekans
0x027F	0x0871      	MOVF       R0+1, 0
0x0280	0x00A3      	MOVWF      _frekans+1
0x0281	0x0872      	MOVF       R0+2, 0
0x0282	0x00A4      	MOVWF      _frekans+2
0x0283	0x0873      	MOVF       R0+3, 0
0x0284	0x00A5      	MOVWF      _frekans+3
;MikroDenetleyiciProje.c,93 :: 		if (frekans <= 0 && frekans == 1 ) {
0x0285	0x0870      	MOVF       R0, 0
0x0286	0x00F4      	MOVWF      R4
0x0287	0x0871      	MOVF       R0+1, 0
0x0288	0x00F5      	MOVWF      R4+1
0x0289	0x0872      	MOVF       R0+2, 0
0x028A	0x00F6      	MOVWF      R4+2
0x028B	0x0873      	MOVF       R0+3, 0
0x028C	0x00F7      	MOVWF      R4+3
0x028D	0x01F0      	CLRF       R0
0x028E	0x01F1      	CLRF       R0+1
0x028F	0x01F2      	CLRF       R0+2
0x0290	0x01F3      	CLRF       R0+3
0x0291	0x207D      	CALL       _Compare_Double
0x0292	0x3001      	MOVLW      1
0x0293	0x1C03      	BTFSS      STATUS, 0
0x0294	0x3000      	MOVLW      0
0x0295	0x00F0      	MOVWF      R0
0x0296	0x0870      	MOVF       R0, 0
0x0297	0x1903      	BTFSC      STATUS, 2
0x0298	0x2AB8      	GOTO       L_main4
0x0299	0x3000      	MOVLW      0
0x029A	0x00F4      	MOVWF      R4
0x029B	0x3000      	MOVLW      0
0x029C	0x00F5      	MOVWF      R4+1
0x029D	0x3000      	MOVLW      0
0x029E	0x00F6      	MOVWF      R4+2
0x029F	0x307F      	MOVLW      127
0x02A0	0x00F7      	MOVWF      R4+3
0x02A1	0x0822      	MOVF       _frekans, 0
0x02A2	0x00F0      	MOVWF      R0
0x02A3	0x0823      	MOVF       _frekans+1, 0
0x02A4	0x00F1      	MOVWF      R0+1
0x02A5	0x0824      	MOVF       _frekans+2, 0
0x02A6	0x00F2      	MOVWF      R0+2
0x02A7	0x0825      	MOVF       _frekans+3, 0
0x02A8	0x00F3      	MOVWF      R0+3
0x02A9	0x2067      	CALL       _Equals_Double
0x02AA	0x3001      	MOVLW      1
0x02AB	0x1D03      	BTFSS      STATUS, 2
0x02AC	0x3000      	MOVLW      0
0x02AD	0x00F0      	MOVWF      R0
0x02AE	0x0870      	MOVF       R0, 0
0x02AF	0x1903      	BTFSC      STATUS, 2
0x02B0	0x2AB8      	GOTO       L_main4
L__main30:
;MikroDenetleyiciProje.c,95 :: 		LED1 = 1 ;
0x02B1	0x1706      	BSF        PORTB, 6
;MikroDenetleyiciProje.c,96 :: 		LED2 = 0 ;
0x02B2	0x1286      	BCF        PORTB, 5
;MikroDenetleyiciProje.c,97 :: 		LED3 = 0 ;
0x02B3	0x1206      	BCF        PORTB, 4
;MikroDenetleyiciProje.c,98 :: 		LED4 = 0 ;
0x02B4	0x1186      	BCF        PORTB, 3
;MikroDenetleyiciProje.c,99 :: 		LED5 = 0 ;
0x02B5	0x1106      	BCF        PORTB, 2
;MikroDenetleyiciProje.c,100 :: 		LED6 = 0 ;
0x02B6	0x1086      	BCF        PORTB, 1
;MikroDenetleyiciProje.c,102 :: 		} else if (frekans >  1 && frekans <= 2  ) {
0x02B7	0x2BCA      	GOTO       L_main5
L_main4:
0x02B8	0x0822      	MOVF       _frekans, 0
0x02B9	0x00F4      	MOVWF      R4
0x02BA	0x0823      	MOVF       _frekans+1, 0
0x02BB	0x00F5      	MOVWF      R4+1
0x02BC	0x0824      	MOVF       _frekans+2, 0
0x02BD	0x00F6      	MOVWF      R4+2
0x02BE	0x0825      	MOVF       _frekans+3, 0
0x02BF	0x00F7      	MOVWF      R4+3
0x02C0	0x3000      	MOVLW      0
0x02C1	0x00F0      	MOVWF      R0
0x02C2	0x3000      	MOVLW      0
0x02C3	0x00F1      	MOVWF      R0+1
0x02C4	0x3000      	MOVLW      0
0x02C5	0x00F2      	MOVWF      R0+2
0x02C6	0x307F      	MOVLW      127
0x02C7	0x00F3      	MOVWF      R0+3
0x02C8	0x207D      	CALL       _Compare_Double
0x02C9	0x3001      	MOVLW      1
0x02CA	0x1803      	BTFSC      STATUS, 0
0x02CB	0x3000      	MOVLW      0
0x02CC	0x00F0      	MOVWF      R0
0x02CD	0x0870      	MOVF       R0, 0
0x02CE	0x1903      	BTFSC      STATUS, 2
0x02CF	0x2AEF      	GOTO       L_main8
0x02D0	0x0822      	MOVF       _frekans, 0
0x02D1	0x00F4      	MOVWF      R4
0x02D2	0x0823      	MOVF       _frekans+1, 0
0x02D3	0x00F5      	MOVWF      R4+1
0x02D4	0x0824      	MOVF       _frekans+2, 0
0x02D5	0x00F6      	MOVWF      R4+2
0x02D6	0x0825      	MOVF       _frekans+3, 0
0x02D7	0x00F7      	MOVWF      R4+3
0x02D8	0x3000      	MOVLW      0
0x02D9	0x00F0      	MOVWF      R0
0x02DA	0x3000      	MOVLW      0
0x02DB	0x00F1      	MOVWF      R0+1
0x02DC	0x3000      	MOVLW      0
0x02DD	0x00F2      	MOVWF      R0+2
0x02DE	0x3080      	MOVLW      128
0x02DF	0x00F3      	MOVWF      R0+3
0x02E0	0x207D      	CALL       _Compare_Double
0x02E1	0x3001      	MOVLW      1
0x02E2	0x1C03      	BTFSS      STATUS, 0
0x02E3	0x3000      	MOVLW      0
0x02E4	0x00F0      	MOVWF      R0
0x02E5	0x0870      	MOVF       R0, 0
0x02E6	0x1903      	BTFSC      STATUS, 2
0x02E7	0x2AEF      	GOTO       L_main8
L__main29:
;MikroDenetleyiciProje.c,104 :: 		LED1  = 1 ;
0x02E8	0x1706      	BSF        PORTB, 6
;MikroDenetleyiciProje.c,105 :: 		LED2 = 1 ;
0x02E9	0x1686      	BSF        PORTB, 5
;MikroDenetleyiciProje.c,106 :: 		LED3 = 0 ;
0x02EA	0x1206      	BCF        PORTB, 4
;MikroDenetleyiciProje.c,107 :: 		LED4 = 0 ;
0x02EB	0x1186      	BCF        PORTB, 3
;MikroDenetleyiciProje.c,108 :: 		LED5 = 0 ;
0x02EC	0x1106      	BCF        PORTB, 2
;MikroDenetleyiciProje.c,109 :: 		LED6 = 0 ;
0x02ED	0x1086      	BCF        PORTB, 1
;MikroDenetleyiciProje.c,111 :: 		} else if (frekans > 2 && frekans <= 3) {
0x02EE	0x2BCA      	GOTO       L_main9
L_main8:
0x02EF	0x0822      	MOVF       _frekans, 0
0x02F0	0x00F4      	MOVWF      R4
0x02F1	0x0823      	MOVF       _frekans+1, 0
0x02F2	0x00F5      	MOVWF      R4+1
0x02F3	0x0824      	MOVF       _frekans+2, 0
0x02F4	0x00F6      	MOVWF      R4+2
0x02F5	0x0825      	MOVF       _frekans+3, 0
0x02F6	0x00F7      	MOVWF      R4+3
0x02F7	0x3000      	MOVLW      0
0x02F8	0x00F0      	MOVWF      R0
0x02F9	0x3000      	MOVLW      0
0x02FA	0x00F1      	MOVWF      R0+1
0x02FB	0x3000      	MOVLW      0
0x02FC	0x00F2      	MOVWF      R0+2
0x02FD	0x3080      	MOVLW      128
0x02FE	0x00F3      	MOVWF      R0+3
0x02FF	0x207D      	CALL       _Compare_Double
0x0300	0x3001      	MOVLW      1
0x0301	0x1803      	BTFSC      STATUS, 0
0x0302	0x3000      	MOVLW      0
0x0303	0x00F0      	MOVWF      R0
0x0304	0x0870      	MOVF       R0, 0
0x0305	0x1903      	BTFSC      STATUS, 2
0x0306	0x2B26      	GOTO       L_main12
0x0307	0x0822      	MOVF       _frekans, 0
0x0308	0x00F4      	MOVWF      R4
0x0309	0x0823      	MOVF       _frekans+1, 0
0x030A	0x00F5      	MOVWF      R4+1
0x030B	0x0824      	MOVF       _frekans+2, 0
0x030C	0x00F6      	MOVWF      R4+2
0x030D	0x0825      	MOVF       _frekans+3, 0
0x030E	0x00F7      	MOVWF      R4+3
0x030F	0x3000      	MOVLW      0
0x0310	0x00F0      	MOVWF      R0
0x0311	0x3000      	MOVLW      0
0x0312	0x00F1      	MOVWF      R0+1
0x0313	0x3040      	MOVLW      64
0x0314	0x00F2      	MOVWF      R0+2
0x0315	0x3080      	MOVLW      128
0x0316	0x00F3      	MOVWF      R0+3
0x0317	0x207D      	CALL       _Compare_Double
0x0318	0x3001      	MOVLW      1
0x0319	0x1C03      	BTFSS      STATUS, 0
0x031A	0x3000      	MOVLW      0
0x031B	0x00F0      	MOVWF      R0
0x031C	0x0870      	MOVF       R0, 0
0x031D	0x1903      	BTFSC      STATUS, 2
0x031E	0x2B26      	GOTO       L_main12
L__main28:
;MikroDenetleyiciProje.c,113 :: 		LED1  = 1 ;
0x031F	0x1706      	BSF        PORTB, 6
;MikroDenetleyiciProje.c,114 :: 		LED2 = 1 ;
0x0320	0x1686      	BSF        PORTB, 5
;MikroDenetleyiciProje.c,115 :: 		LED3 = 1 ;
0x0321	0x1606      	BSF        PORTB, 4
;MikroDenetleyiciProje.c,116 :: 		LED4 = 0 ;
0x0322	0x1186      	BCF        PORTB, 3
;MikroDenetleyiciProje.c,117 :: 		LED5 = 0 ;
0x0323	0x1106      	BCF        PORTB, 2
;MikroDenetleyiciProje.c,118 :: 		LED6 = 0 ;
0x0324	0x1086      	BCF        PORTB, 1
;MikroDenetleyiciProje.c,120 :: 		} else if (frekans > 3 && frekans <= 4) {
0x0325	0x2BCA      	GOTO       L_main13
L_main12:
0x0326	0x0822      	MOVF       _frekans, 0
0x0327	0x00F4      	MOVWF      R4
0x0328	0x0823      	MOVF       _frekans+1, 0
0x0329	0x00F5      	MOVWF      R4+1
0x032A	0x0824      	MOVF       _frekans+2, 0
0x032B	0x00F6      	MOVWF      R4+2
0x032C	0x0825      	MOVF       _frekans+3, 0
0x032D	0x00F7      	MOVWF      R4+3
0x032E	0x3000      	MOVLW      0
0x032F	0x00F0      	MOVWF      R0
0x0330	0x3000      	MOVLW      0
0x0331	0x00F1      	MOVWF      R0+1
0x0332	0x3040      	MOVLW      64
0x0333	0x00F2      	MOVWF      R0+2
0x0334	0x3080      	MOVLW      128
0x0335	0x00F3      	MOVWF      R0+3
0x0336	0x207D      	CALL       _Compare_Double
0x0337	0x3001      	MOVLW      1
0x0338	0x1803      	BTFSC      STATUS, 0
0x0339	0x3000      	MOVLW      0
0x033A	0x00F0      	MOVWF      R0
0x033B	0x0870      	MOVF       R0, 0
0x033C	0x1903      	BTFSC      STATUS, 2
0x033D	0x2B5D      	GOTO       L_main16
0x033E	0x0822      	MOVF       _frekans, 0
0x033F	0x00F4      	MOVWF      R4
0x0340	0x0823      	MOVF       _frekans+1, 0
0x0341	0x00F5      	MOVWF      R4+1
0x0342	0x0824      	MOVF       _frekans+2, 0
0x0343	0x00F6      	MOVWF      R4+2
0x0344	0x0825      	MOVF       _frekans+3, 0
0x0345	0x00F7      	MOVWF      R4+3
0x0346	0x3000      	MOVLW      0
0x0347	0x00F0      	MOVWF      R0
0x0348	0x3000      	MOVLW      0
0x0349	0x00F1      	MOVWF      R0+1
0x034A	0x3000      	MOVLW      0
0x034B	0x00F2      	MOVWF      R0+2
0x034C	0x3081      	MOVLW      129
0x034D	0x00F3      	MOVWF      R0+3
0x034E	0x207D      	CALL       _Compare_Double
0x034F	0x3001      	MOVLW      1
0x0350	0x1C03      	BTFSS      STATUS, 0
0x0351	0x3000      	MOVLW      0
0x0352	0x00F0      	MOVWF      R0
0x0353	0x0870      	MOVF       R0, 0
0x0354	0x1903      	BTFSC      STATUS, 2
0x0355	0x2B5D      	GOTO       L_main16
L__main27:
;MikroDenetleyiciProje.c,123 :: 		LED1  = 1 ;
0x0356	0x1706      	BSF        PORTB, 6
;MikroDenetleyiciProje.c,124 :: 		LED2 = 1 ;
0x0357	0x1686      	BSF        PORTB, 5
;MikroDenetleyiciProje.c,125 :: 		LED3 = 1 ;
0x0358	0x1606      	BSF        PORTB, 4
;MikroDenetleyiciProje.c,126 :: 		LED4 = 1 ;
0x0359	0x1586      	BSF        PORTB, 3
;MikroDenetleyiciProje.c,127 :: 		LED5 = 0 ;
0x035A	0x1106      	BCF        PORTB, 2
;MikroDenetleyiciProje.c,128 :: 		LED6 = 0 ;
0x035B	0x1086      	BCF        PORTB, 1
;MikroDenetleyiciProje.c,130 :: 		} else if (frekans > 4 && frekans <= 5) {
0x035C	0x2BCA      	GOTO       L_main17
L_main16:
0x035D	0x0822      	MOVF       _frekans, 0
0x035E	0x00F4      	MOVWF      R4
0x035F	0x0823      	MOVF       _frekans+1, 0
0x0360	0x00F5      	MOVWF      R4+1
0x0361	0x0824      	MOVF       _frekans+2, 0
0x0362	0x00F6      	MOVWF      R4+2
0x0363	0x0825      	MOVF       _frekans+3, 0
0x0364	0x00F7      	MOVWF      R4+3
0x0365	0x3000      	MOVLW      0
0x0366	0x00F0      	MOVWF      R0
0x0367	0x3000      	MOVLW      0
0x0368	0x00F1      	MOVWF      R0+1
0x0369	0x3000      	MOVLW      0
0x036A	0x00F2      	MOVWF      R0+2
0x036B	0x3081      	MOVLW      129
0x036C	0x00F3      	MOVWF      R0+3
0x036D	0x207D      	CALL       _Compare_Double
0x036E	0x3001      	MOVLW      1
0x036F	0x1803      	BTFSC      STATUS, 0
0x0370	0x3000      	MOVLW      0
0x0371	0x00F0      	MOVWF      R0
0x0372	0x0870      	MOVF       R0, 0
0x0373	0x1903      	BTFSC      STATUS, 2
0x0374	0x2B94      	GOTO       L_main20
0x0375	0x0822      	MOVF       _frekans, 0
0x0376	0x00F4      	MOVWF      R4
0x0377	0x0823      	MOVF       _frekans+1, 0
0x0378	0x00F5      	MOVWF      R4+1
0x0379	0x0824      	MOVF       _frekans+2, 0
0x037A	0x00F6      	MOVWF      R4+2
0x037B	0x0825      	MOVF       _frekans+3, 0
0x037C	0x00F7      	MOVWF      R4+3
0x037D	0x3000      	MOVLW      0
0x037E	0x00F0      	MOVWF      R0
0x037F	0x3000      	MOVLW      0
0x0380	0x00F1      	MOVWF      R0+1
0x0381	0x3020      	MOVLW      32
0x0382	0x00F2      	MOVWF      R0+2
0x0383	0x3081      	MOVLW      129
0x0384	0x00F3      	MOVWF      R0+3
0x0385	0x207D      	CALL       _Compare_Double
0x0386	0x3001      	MOVLW      1
0x0387	0x1C03      	BTFSS      STATUS, 0
0x0388	0x3000      	MOVLW      0
0x0389	0x00F0      	MOVWF      R0
0x038A	0x0870      	MOVF       R0, 0
0x038B	0x1903      	BTFSC      STATUS, 2
0x038C	0x2B94      	GOTO       L_main20
L__main26:
;MikroDenetleyiciProje.c,132 :: 		LED1 = 1 ;
0x038D	0x1706      	BSF        PORTB, 6
;MikroDenetleyiciProje.c,133 :: 		LED2 = 1 ;
0x038E	0x1686      	BSF        PORTB, 5
;MikroDenetleyiciProje.c,134 :: 		LED3 = 1 ;
0x038F	0x1606      	BSF        PORTB, 4
;MikroDenetleyiciProje.c,135 :: 		LED4 = 1 ;
0x0390	0x1586      	BSF        PORTB, 3
;MikroDenetleyiciProje.c,136 :: 		LED5 = 1 ;
0x0391	0x1506      	BSF        PORTB, 2
;MikroDenetleyiciProje.c,137 :: 		LED6 = 0 ;
0x0392	0x1086      	BCF        PORTB, 1
;MikroDenetleyiciProje.c,139 :: 		}  else if (frekans > 5 && frekans <= 6) {
0x0393	0x2BCA      	GOTO       L_main21
L_main20:
0x0394	0x0822      	MOVF       _frekans, 0
0x0395	0x00F4      	MOVWF      R4
0x0396	0x0823      	MOVF       _frekans+1, 0
0x0397	0x00F5      	MOVWF      R4+1
0x0398	0x0824      	MOVF       _frekans+2, 0
0x0399	0x00F6      	MOVWF      R4+2
0x039A	0x0825      	MOVF       _frekans+3, 0
0x039B	0x00F7      	MOVWF      R4+3
0x039C	0x3000      	MOVLW      0
0x039D	0x00F0      	MOVWF      R0
0x039E	0x3000      	MOVLW      0
0x039F	0x00F1      	MOVWF      R0+1
0x03A0	0x3020      	MOVLW      32
0x03A1	0x00F2      	MOVWF      R0+2
0x03A2	0x3081      	MOVLW      129
0x03A3	0x00F3      	MOVWF      R0+3
0x03A4	0x207D      	CALL       _Compare_Double
0x03A5	0x3001      	MOVLW      1
0x03A6	0x1803      	BTFSC      STATUS, 0
0x03A7	0x3000      	MOVLW      0
0x03A8	0x00F0      	MOVWF      R0
0x03A9	0x0870      	MOVF       R0, 0
0x03AA	0x1903      	BTFSC      STATUS, 2
0x03AB	0x2BCA      	GOTO       L_main24
0x03AC	0x0822      	MOVF       _frekans, 0
0x03AD	0x00F4      	MOVWF      R4
0x03AE	0x0823      	MOVF       _frekans+1, 0
0x03AF	0x00F5      	MOVWF      R4+1
0x03B0	0x0824      	MOVF       _frekans+2, 0
0x03B1	0x00F6      	MOVWF      R4+2
0x03B2	0x0825      	MOVF       _frekans+3, 0
0x03B3	0x00F7      	MOVWF      R4+3
0x03B4	0x3000      	MOVLW      0
0x03B5	0x00F0      	MOVWF      R0
0x03B6	0x3000      	MOVLW      0
0x03B7	0x00F1      	MOVWF      R0+1
0x03B8	0x3040      	MOVLW      64
0x03B9	0x00F2      	MOVWF      R0+2
0x03BA	0x3081      	MOVLW      129
0x03BB	0x00F3      	MOVWF      R0+3
0x03BC	0x207D      	CALL       _Compare_Double
0x03BD	0x3001      	MOVLW      1
0x03BE	0x1C03      	BTFSS      STATUS, 0
0x03BF	0x3000      	MOVLW      0
0x03C0	0x00F0      	MOVWF      R0
0x03C1	0x0870      	MOVF       R0, 0
0x03C2	0x1903      	BTFSC      STATUS, 2
0x03C3	0x2BCA      	GOTO       L_main24
L__main25:
;MikroDenetleyiciProje.c,141 :: 		LED1 = 1 ;
0x03C4	0x1706      	BSF        PORTB, 6
;MikroDenetleyiciProje.c,142 :: 		LED2 = 1 ;
0x03C5	0x1686      	BSF        PORTB, 5
;MikroDenetleyiciProje.c,143 :: 		LED3 = 1 ;
0x03C6	0x1606      	BSF        PORTB, 4
;MikroDenetleyiciProje.c,144 :: 		LED4 = 1 ;
0x03C7	0x1586      	BSF        PORTB, 3
;MikroDenetleyiciProje.c,145 :: 		LED5 = 1 ;
0x03C8	0x1506      	BSF        PORTB, 2
;MikroDenetleyiciProje.c,146 :: 		LED6 = 1 ;
0x03C9	0x1486      	BSF        PORTB, 1
;MikroDenetleyiciProje.c,147 :: 		}
L_main24:
L_main21:
L_main17:
L_main13:
L_main9:
L_main5:
;MikroDenetleyiciProje.c,149 :: 		}
0x03CA	0x2A58      	GOTO       L_main0
;MikroDenetleyiciProje.c,153 :: 		}
L_end_main:
0x03CB	0x2BCB      	GOTO       $+0
; end of _main
0x03D2	0x3021      	MOVLW      33
0x03D3	0x0084      	MOVWF      FSR
0x03D4	0x3001      	MOVLW      1
0x03D5	0x1283      	BCF        STATUS, 5
0x03D6	0x1303      	BCF        STATUS, 6
0x03D7	0x00F0      	MOVWF      R0
0x03D8	0x30D1      	MOVLW      209
0x03D9	0x00A9      	MOVWF      ___DoICPAddr
0x03DA	0x3003      	MOVLW      3
0x03DB	0x00AA      	MOVWF      42
0x03DC	0x2184      	CALL       388
0x03DD	0x0008      	RETURN
;__Lib_ADC_A_C.c,0 :: ?ICS_vref_mask
0x03D1	0x340F ;?ICS_vref_mask+0
; end of ?ICS_vref_mask
Symbol List:
//** Routines locations **
//ADDRESS    SIZE    PROCEDURE
//----------------------------------------------
0x0003       [7]    _RES032
0x000A      [12]    _SETFUN32
0x0016       [4]    _FIXSIGN32
0x001A      [12]    _SETFOV32
0x0026       [3]    _SETFDZ32
0x0029       [8]    _Delay_22us
0x0031       [7]    _____DoICP
0x0038      [47]    _NRM3232
0x0067      [22]    _Equals_Double
0x007D      [80]    _Compare_Double
0x00CD     [183]    _Div_32x32_FP
0x0184      [12]    ___CC2DW
0x0190      [22]    _word2double
0x01A6      [97]    _Mul_32x32_FP
0x0207      [22]    _ADC_Init
0x021D      [40]    _ADC_Read
0x0245     [390]    _main
//** Variables locations ** 
//ADDRESS    SIZE    VARIABLE
//----------------------------------------------
0x0000       [1]    INDF
0x0002       [1]    PCL
0x0003       [1]    STATUS
0x0004       [1]    FSR
0x0005       [1]    PORTA
0x0006       [1]    PORTB
0x0007       [1]    PORTC
0x0008       [1]    PORTD
0x0009       [1]    PORTE
0x000A       [1]    PCLATH
0x001E       [1]    ADRESH
0x001F       [1]    ADCON0
0x0020       [1]    __math_tempbD
0x0021       [1]    _vref_mask
0x0022       [4]    _frekans
0x0026       [3]    _ADC_Get_Sample_Ptr
0x0029       [2]    ___DoICPAddr
0x002B       [4]    _sayma
0x002F       [1]    FARG_ADC_Read_channel
0x0070       [1]    R0
0x0071       [1]    R1
0x0072       [1]    R2
0x0073       [1]    R3
0x0074       [1]    R4
0x0075       [1]    R5
0x0076       [1]    R6
0x0077       [1]    R7
0x0078       [1]    R8
0x0079       [1]    R9
0x007A       [1]    R10
0x007B       [1]    R11
0x007C       [1]    R12
0x007D       [1]    R13
0x007E       [1]    R14
0x007F       [1]    R15
0x0085       [1]    TRISA
0x0086       [1]    TRISB
0x0087       [1]    TRISC
0x0088       [1]    TRISD
0x0089       [1]    TRISE
0x009E       [1]    ADRESL
0x009F       [1]    ADCON1
//** Constants locations ** 
//ADDRESS    SIZE    CONSTANT
//----------------------------------------------
0x03D1       [1]    ?ICS_vref_mask
